timestamp: 2012-07-23T13:13:14.024000
CREATE TABLE auth_user(
    id INTEGER PRIMARY KEY AUTOINCREMENT,
    first_name CHAR(128),
    last_name CHAR(128),
    email CHAR(512),
    password CHAR(512),
    registration_key CHAR(512),
    reset_password_key CHAR(512),
    registration_id CHAR(512)
);
success!
timestamp: 2012-07-23T13:13:14.142000
CREATE TABLE auth_group(
    id INTEGER PRIMARY KEY AUTOINCREMENT,
    role CHAR(512),
    description TEXT
);
success!
timestamp: 2012-07-23T13:13:14.358000
CREATE TABLE auth_membership(
    id INTEGER PRIMARY KEY AUTOINCREMENT,
    user_id INTEGER REFERENCES auth_user(id) ON DELETE CASCADE,
    group_id INTEGER REFERENCES auth_group(id) ON DELETE CASCADE
);
success!
timestamp: 2012-07-23T13:13:14.624000
CREATE TABLE auth_permission(
    id INTEGER PRIMARY KEY AUTOINCREMENT,
    group_id INTEGER REFERENCES auth_group(id) ON DELETE CASCADE,
    name CHAR(512),
    table_name CHAR(512),
    record_id INTEGER
);
success!
timestamp: 2012-07-23T13:13:14.980000
CREATE TABLE auth_event(
    id INTEGER PRIMARY KEY AUTOINCREMENT,
    time_stamp TIMESTAMP,
    client_ip CHAR(512),
    user_id INTEGER REFERENCES auth_user(id) ON DELETE CASCADE,
    origin CHAR(512),
    description TEXT
);
success!
timestamp: 2012-07-23T13:13:15.107000
CREATE TABLE auth_cas(
    id INTEGER PRIMARY KEY AUTOINCREMENT,
    user_id INTEGER REFERENCES auth_user(id) ON DELETE CASCADE,
    created_on TIMESTAMP,
    service CHAR(512),
    ticket CHAR(512),
    renew CHAR(1)
);
success!
timestamp: 2012-07-30T09:38:35.498698
CREATE TABLE download_queue(
    id INTEGER PRIMARY KEY AUTOINCREMENT,
    status CHAR(512),
    url CHAR(512),
    access_token CHAR(512),
    action_id CHAR(512)
);
success!
timestamp: 2012-07-30T15:24:17.750506
CREATE TABLE analysis(
    id INTEGER PRIMARY KEY AUTOINCREMENT,
    action_id CHAR(512),
    access_token CHAR(512)
);
success!
timestamp: 2012-07-30T15:24:17.821126
CREATE TABLE bs_file(
    id INTEGER PRIMARY KEY AUTOINCREMENT,
    analysis_id INTEGER REFERENCES analysis(id) ON DELETE CASCADE,
    url CHAR(512),
    filename CHAR(512)
);
success!
timestamp: 2012-07-30T15:24:17.836640
CREATE TABLE analysis_queue(
    id INTEGER PRIMARY KEY AUTOINCREMENT,
    bs_file_id INTEGER REFERENCES bs_file(id) ON DELETE CASCADE,
    status CHAR(512)
);
success!
timestamp: 2012-07-30T15:50:02.751713
ALTER TABLE analysis_queue ADD local_path CHAR(512);
timestamp: 2012-07-31T14:36:53.229238
ALTER TABLE analysis ADD project_num CHAR(512);
timestamp: 2012-07-31T14:36:53.327934
ALTER TABLE analysis ADD analysis_num CHAR(512);
timestamp: 2012-07-31T14:36:53.348652
ALTER TABLE bs_file ADD file_name CHAR(512);
timestamp: 2012-07-31T14:36:53.367737
ALTER TABLE bs_file ADD file_num CHAR(512);
timestamp: 2012-07-31T14:36:53.389350
ALTER TABLE download_queue ADD bs_file_id INTEGER REFERENCES bs_file(id) ON DELETE CASCADE;
timestamp: 2012-07-31T15:26:04.830324
ALTER TABLE analysis ADD analysis_name CHAR(512);
timestamp: 2012-07-31T16:16:57.986485
ALTER TABLE bs_file ADD local_path CHAR(512);
